行 20: 控件 Adosear 的类 MSAdodcLib.Adodc 不是一个已加载的控件类。
行 74: 控件 Adodc1 的类 MSAdodcLib.Adodc 不是一个已加载的控件类。
行 25: 属性名 _ExtentX 在 Adosear 中是无效的。
行 26: 属性名 _ExtentY 在 Adosear 中是无效的。
行 27: 属性名 ConnectMode 在 Adosear 中是无效的。
行 28: 属性名 CursorLocation 在 Adosear 中是无效的。
行 29: 属性名 IsolationLevel 在 Adosear 中是无效的。
行 30: 属性名 ConnectionTimeout 在 Adosear 中是无效的。
行 31: 属性名 CommandTimeout 在 Adosear 中是无效的。
行 32: 属性名 CursorType 在 Adosear 中是无效的。
行 33: 属性名 LockType 在 Adosear 中是无效的。
行 34: 属性名 CommandType 在 Adosear 中是无效的。
行 35: 属性名 CursorOptions 在 Adosear 中是无效的。
行 36: 属性名 CacheSize 在 Adosear 中是无效的。
行 37: 属性名 MaxRecords 在 Adosear 中是无效的。
行 38: 属性名 BOFAction 在 Adosear 中是无效的。
行 39: 属性名 EOFAction 在 Adosear 中是无效的。
行 40: 属性名 ConnectStringType 在 Adosear 中是无效的。
行 44: 属性名 Orientation 在 Adosear 中是无效的。
行 46: 属性名 Connect 在 Adosear 中是无效的。
行 47: 属性名 OLEDBString 在 Adosear 中是无效的。
行 48: 属性名 OLEDBFile 在 Adosear 中是无效的。
行 49: 属性名 DataSourceName 在 Adosear 中是无效的。
行 50: 属性名 OtherAttributes 在 Adosear 中是无效的。
行 51: 属性名 UserName 在 Adosear 中是无效的。
行 52: 属性名 Password 在 Adosear 中是无效的。
行 53: 属性名 RecordSource 在 Adosear 中是无效的。
行 54: 属性名 Caption 在 Adosear 中是无效的。
行 64: 属性名 _Version 在 Adosear 中是无效的。
行 79: 属性名 _ExtentX 在 Adodc1 中是无效的。
行 80: 属性名 _ExtentY 在 Adodc1 中是无效的。
行 81: 属性名 ConnectMode 在 Adodc1 中是无效的。
行 82: 属性名 CursorLocation 在 Adodc1 中是无效的。
行 83: 属性名 IsolationLevel 在 Adodc1 中是无效的。
行 84: 属性名 ConnectionTimeout 在 Adodc1 中是无效的。
行 85: 属性名 CommandTimeout 在 Adodc1 中是无效的。
行 86: 属性名 CursorType 在 Adodc1 中是无效的。
行 87: 属性名 LockType 在 Adodc1 中是无效的。
行 88: 属性名 CommandType 在 Adodc1 中是无效的。
行 89: 属性名 CursorOptions 在 Adodc1 中是无效的。
行 90: 属性名 CacheSize 在 Adodc1 中是无效的。
行 91: 属性名 MaxRecords 在 Adodc1 中是无效的。
行 92: 属性名 BOFAction 在 Adodc1 中是无效的。
行 93: 属性名 EOFAction 在 Adodc1 中是无效的。
行 94: 属性名 ConnectStringType 在 Adodc1 中是无效的。
行 98: 属性名 Orientation 在 Adodc1 中是无效的。
行 100: 属性名 Connect 在 Adodc1 中是无效的。
行 101: 属性名 OLEDBString 在 Adodc1 中是无效的。
行 102: 属性名 OLEDBFile 在 Adodc1 中是无效的。
行 103: 属性名 DataSourceName 在 Adodc1 中是无效的。
行 104: 属性名 OtherAttributes 在 Adodc1 中是无效的。
行 105: 属性名 UserName 在 Adodc1 中是无效的。
行 106: 属性名 Password 在 Adodc1 中是无效的。
行 107: 属性名 RecordSource 在 Adodc1 中是无效的。
行 108: 属性名 Caption 在 Adodc1 中是无效的。
行 118: 属性名 _Version 在 Adodc1 中是无效的。
